<?xml version="1.0" encoding="UTF-8"?>
<!-- Generated by org.testng.reporters.JUnitReportReporter -->
<testsuite hostname="Emmanuels-MBP" failures="0" tests="2" name="RestAssuredDemo.RestAssuredDemo.RestTest" time="4.087" errors="0" timestamp="2020-11-13T15:18:09 EST" skipped="0">
  <testcase classname="RestAssuredDemo.RestAssuredDemo.RestTest" name="testGetUser" time="1.800"/>
  <system-out/>
  <testcase classname="RestAssuredDemo.RestAssuredDemo.RestTest" name="testAddCustomer" time="2.287"/>
  <system-out/>
</testsuite> <!-- RestAssuredDemo.RestAssuredDemo.RestTest -->
