<?xml version="1.0" encoding="UTF-8"?>
<!-- Generated by org.testng.reporters.JUnitReportReporter -->
<testsuite hostname="Emmanuels-MBP" failures="0" tests="4" name="RestAssuredDemo.RestAssuredDemo.Employees" time="1.960" errors="0" timestamp="2020-11-20T01:32:08 EST" skipped="0">
  <testcase classname="RestAssuredDemo.RestAssuredDemo.Employees" name="testGetEmployee" time="0.094"/>
  <system-out/>
  <testcase classname="RestAssuredDemo.RestAssuredDemo.Employees" name="deleteEmployee" time="1.267"/>
  <system-out/>
  <testcase classname="RestAssuredDemo.RestAssuredDemo.Employees" name="testAddEmployee" time="0.493"/>
  <system-out/>
  <testcase classname="RestAssuredDemo.RestAssuredDemo.Employees" name="updateEmployee" time="0.106"/>
  <system-out/>
</testsuite> <!-- RestAssuredDemo.RestAssuredDemo.Employees -->
